f1 score: 0.9652
# of features: 30
training model ...
f1 score: 0.9805
# of features: 30
training model ...
f1 score: 0.9917
# of features: 30
training model ...
f1 score: 0.9916
# of features: 30
training model ...
f1 score: 0.9944
[1.0, 1.1649192895472391, 1.3028659520450412, 1.3015748411591699, 1.33822621983849]
starting from onset 0.6
true positive rate: 0.0000 ( 0/29)
[0, 0, 0, 0, 0]
false positive rate: 0.0000 ( 0/4352)
# of features: 30
training model ...
f1 score: 0.9739
# of features: 30
training model ...
f1 score: 0.9780
# of features: 30
training model ...
f1 score: 0.9917
# of features: 30
training model ...
f1 score: 0.9972
# of features: 30
training model ...
f1 score: 0.9972
[1.0, 1.041819507963828, 1.19501318987323, 1.2626701910333322, 1.2626701910333322]
starting from onset 0.6
true positive rate: 0.0000 ( 0/29)
[0, 0, 0, 0, 0]
false positive rate: 0.0000 ( 0/4352)
###############
0,0,0,0,0,0,0

0,0,0,0,0,0,0

0,0,0,0,0,0,0

0,0,0,0,0,0,0

0,0,0,0,0,0,0

############### testing p_p2_all.csv
# of features: 30
training model ...
f1 score: 0.9673
# of features: 30
training model ...
f1 score: 0.9805
# of features: 30
training model ...
f1 score: 0.9917
# of features: 30
training model ...
f1 score: 0.9916
# of features: 30
training model ...
f1 score: 0.9916
[1.0, 1.1411191468744566, 1.2762474593988815, 1.2749827268411624, 1.2749827268411624]
starting from onset 0.6
true positive rate: 0.0000 ( 0/30)
[0, 0, 0, 0, 0]
false positive rate: 0.0000 ( 0/4073)
# of features: 30
training model ...
f1 score: 0.9739
# of features: 30
training model ...
f1 score: 0.9805
# of features: 30
training model ...
f1 score: 0.9917
# of features: 30
training model ...
f1 score: 0.9916
# of features: 30
training model ...
f1 score: 0.9916
[1.0, 1.0684859128919637, 1.19501318987323, 1.1938289586514508, 1.1938289586514508]
starting from onset 0.6
true positive rate: 0.0000 ( 0/30)
[0, 0, 0, 0, 0]
false positive rate: 0.0000 ( 0/4073)
# of features: 30
training model ...
f1 score: 0.9712
# of features: 30
training model ...
f1 score: 0.9780
# of features: 30
training model ...
f1 score: 0.9917
# of features: 30
training model ...
f1 score: 0.9944
# of features: 30
training model ...
f1 score: 0.9972
[1.0, 1.0701426453678686, 1.2275010848662615, 1.2608159220599804, 1.2969974243431783]
starting from onset 0.6
true positive rate: 0.0000 ( 0/30)
[0, 0, 0, 0, 0]
false positive rate: 0.0000 ( 0/4073)
# of features: 30
training model ...
f1 score: 0.9716
# of features: 30
training model ...
f1 score: 0.9805
# of features: 30
training model ...
f1 score: 0.9917
# of features: 30
training model ...
f1 score: 0.9916
# of features: 30
training model ...
f1 score: 0.9972
[1.0, 1.0928811617528582, 1.2222972596089783, 1.2210859904871054, 1.2914989787298585]
starting from onset 0.6
true positive rate: 0.0000 ( 0/30)
[0, 0, 0, 0, 0]
false positive rate: 0.0000 ( 0/4073)
# of features: 30
training model ...
f1 score: 0.9766
# of features: 30
training model ...
f1 score: 0.9831
# of features: 30
training model ...
f1 score: 0.9917
# of features: 30
training model ...
f1 score: 0.9972
# of features: 30
training model ...
f1 score: 0.9944
[1.0, 1.0672397006667496, 1.1628588968817608, 1.2286954469734888, 1.194419320987703]
starting from onset 0.6
true positive rate: 0.0000 ( 0/30)
[0, 0, 0, 0, 0]
false positive rate: 0.0000 ( 0/4073)
###############
0,0,0,0,0,0,0

0,0,0,0,0,0,0

0,0,0,0,0,0,0

0,0,0,0,0,0,0

0,0,0,0,0,0,0

############### testing p_p3_all.csv
# of features: 30
training model ...
f1 score: 0.9706
# of features: 30
training model ...
f1 score: 0.9780
# of features: 30
training model ...
f1 score: 0.9917
# of features: 30
training model ...
f1 score: 0.9889
# of features: 30
training model ...
f1 score: 0.9972
[1.0, 1.076970572713262, 1.235333020412552, 1.2008922730056817, 1.30527277363321]
starting from onset 0.6
true positive rate: 0.0000 ( 0/30)
[0, 0, 0, 0, 0]
false positive rate: 0.0000 ( 0/5642)
# of features: 30
training model ...
f1 score: 0.9679
# of features: 30
training model ...
f1 score: 0.9752
# of features: 30
training model ...
f1 score: 0.9917
# of features: 30
training model ...
f1 score: 0.9944
# of features: 30
training model ...
f1 score: 0.9944
[1.0, 1.0756647615214192, 1.2689173673744174, 1.3033562579200553, 1.3033562579200553]
starting from onset 0.6
true positive rate: 0.0000 ( 0/30)
[0, 0, 0, 0, 0]
false positive rate: 0.0000 ( 0/5642)
# of features: 30
training model ...
f1 score: 0.9686
# of features: 30
training model ...
f1 score: 0.9780
# of features: 30
training model ...
f1 score: 0.9917
# of features: 30
training model ...
f1 score: 0.9889
# of features: 30
training model ...
f1 score: 0.9972
[1.0, 1.0987728932492682, 1.2603412491999864, 1.2252032792008845, 1.3316968711143302]
starting from onset 0.6
true positive rate: 0.0000 ( 0/30)
[0, 0, 0, 0, 0]
false positive rate: 0.0000 ( 0/5642)
# of features: 30
training model ...
f1 score: 0.9712
# of features: 30
training model ...
f1 score: 0.9752
# of features: 30
training model ...
f1 score: 0.9917
# of features: 30
training model ...
f1 score: 0.9972
# of features: 30
training model ...
f1 score: 0.9972
[1.0, 1.0405560643022929, 1.2275010848662615, 1.2969974243431783, 1.2969974243431783]
starting from onset 0.6
true positive rate: 0.0000 ( 0/30)
[0, 0, 0, 0, 0]
false positive rate: 0.0000 ( 0/5642)
# of features: 30
training model ...
f1 score: 0.9733
# of features: 30
training model ...
f1 score: 0.9805
# of features: 30
training model ...
f1 score: 0.9891
# of features: 30
training model ...
f1 score: 0.9972
# of features: 30
training model ...
f1 score: 0.9972
[1.0, 1.0748166550368279, 1.1711069374608145, 1.2701514683220547, 1.2701514683220547]
starting from onset 0.6
true positive rate: 0.0000 ( 0/30)
[0, 0, 0, 0, 0]
false positive rate: 0.0000 ( 0/5642)
###############
0,0,0,0,0,0,0

0,0,0,0,0,0,0

0,0,0,0,0,0,0

0,0,0,0,0,0,0

0,0,0,0,0,0,0

xiangs-mbp:data xac$ python experiment.py 
############### skipped validation ... 

############### skipped onset f1 ... 

############### testing p1_all.csv
# of features: 30
training model ...
f1 score: 0.9712
# of features: 30
training model ...
f1 score: 0.9805
# of features: 30
training model ...
f1 score: 0.9917
# of features: 30
training model ...
f1 score: 0.9889
# of features: 30
training model ...
f1 score: 0.9916
[1.0, 1.0975340091253196, 1.2275010848662615, 1.1932786896845802, 1.2262846588704774]
starting from onset 0.6
true positive rate: 0.9310 (27/29)
[0, 0, 0, 13, 14]
false positive rate: 0.0468 (241/5147)
# of features: 30
training model ...
f1 score: 0.9712
# of features: 30
training model ...
f1 score: 0.9780
# of features: 30
training model ...
f1 score: 0.9917
# of features: 30
training model ...
f1 score: 0.9972
# of features: 30
training model ...
f1 score: 0.9916
[1.0, 1.0701426453678686, 1.2275010848662615, 1.2969974243431783, 1.2262846588704774]
starting from onset 0.6
true positive rate: 0.9310 (27/29)
[0, 0, 0, 13, 14]
false positive rate: 0.0468 (241/5147)
# of features: 30
training model ...
f1 score: 0.9739
# of features: 30
training model ...
f1 score: 0.9780
# of features: 30
training model ...
f1 score: 0.9917
# of features: 30
training model ...
f1 score: 0.9889
# of features: 30
training model ...
f1 score: 0.9916
[1.0, 1.041819507963828, 1.19501318987323, 1.1616965483359079, 1.1938289586514508]
starting from onset 0.6
true positive rate: 0.9310 (27/29)
[0, 0, 0, 13, 14]
false positive rate: 0.0468 (241/5147)
# of features: 30
training model ...
f1 score: 0.9766
# of features: 30
training model ...
f1 score: 0.9780
# of features: 30
training model ...
f1 score: 0.9917
# of features: 30
training model ...
f1 score: 0.9972
# of features: 30
training model ...
f1 score: 0.9972
[1.0, 1.0138604151232995, 1.1628588968817608, 1.2286954469734888, 1.2286954469734888]
starting from onset 0.6
true positive rate: 0.9310 (27/29)
[0, 0, 0, 13, 14]
^CTraceback (most recent call last):
  File "experiment.py", line 123, in <module>
    test_results.append(test.do_test(tf))
  File "/Users/xac/Development/FaceOff/data/test.py", line 166, in do_test
    prediction = model_sets[i].predict([datains])
  File "/Library/Frameworks/Python.framework/Versions/3.8/lib/python3.8/site-packages/sklearn/ensemble/_forest.py", line 612, in predict
    proba = self.predict_proba(X)
  File "/Library/Frameworks/Python.framework/Versions/3.8/lib/python3.8/site-packages/sklearn/ensemble/_forest.py", line 665, in predict_proba
    Parallel(n_jobs=n_jobs, verbose=self.verbose,
  File "/Library/Frameworks/Python.framework/Versions/3.8/lib/python3.8/site-packages/joblib/parallel.py", line 1007, in __call__
    while self.dispatch_one_batch(iterator):
  File "/Library/Frameworks/Python.framework/Versions/3.8/lib/python3.8/site-packages/joblib/parallel.py", line 835, in dispatch_one_batch
    self._dispatch(tasks)
  File "/Library/Frameworks/Python.framework/Versions/3.8/lib/python3.8/site-packages/joblib/parallel.py", line 754, in _dispatch
    job = self._backend.apply_async(batch, callback=cb)
  File "/Library/Frameworks/Python.framework/Versions/3.8/lib/python3.8/site-packages/joblib/_parallel_backends.py", line 209, in apply_async
    result = ImmediateResult(func)
  File "/Library/Frameworks/Python.framework/Versions/3.8/lib/python3.8/site-packages/joblib/_parallel_backends.py", line 590, in __init__
    self.results = batch()
  File "/Library/Frameworks/Python.framework/Versions/3.8/lib/python3.8/site-packages/joblib/parallel.py", line 255, in __call__
    return [func(*args, **kwargs)
  File "/Library/Frameworks/Python.framework/Versions/3.8/lib/python3.8/site-packages/joblib/parallel.py", line 255, in <listcomp>
    return [func(*args, **kwargs)
  File "/Library/Frameworks/Python.framework/Versions/3.8/lib/python3.8/site-packages/sklearn/ensemble/_forest.py", line 449, in _accumulate_prediction
    prediction = predict(X, check_input=False)
  File "/Library/Frameworks/Python.framework/Versions/3.8/lib/python3.8/site-packages/sklearn/tree/_classes.py", line 906, in predict_proba
    proba = self.tree_.predict(X)
KeyboardInterrupt

xiangs-mbp:data xac$ python experiment.py 
############### skipped validation ... 

############### skipped onset f1 ... 

############### testing p1_all.csv
# of features: 30
training model ...
f1 score: 0.9780
# of features: 30
training model ...
f1 score: 0.9917
# of features: 30
training model ...
f1 score: 0.9944
# of features: 30
training model ...
f1 score: 0.9916
[1.0, 1.1470443591604556, 1.1781755708152033, 1.1459076639721557]
starting from onset 0.6
Traceback (most recent call last):
  File "experiment.py", line 123, in <module>
    test_results.append(test.do_test(tf))
  File "/Users/xac/Development/FaceOff/data/test.py", line 136, in do_test
    proj_vote -= onset_weights[k]
IndexError: list index out of range
xiangs-mbp:data xac$ python experiment.py 
############### skipped validation ... 

############### skipped onset f1 ... 

############### testing p1_all.csv
# of features: 30
training model ...
f1 score: 0.9780
# of features: 30
training model ...
f1 score: 0.9917
# of features: 30
training model ...
f1 score: 0.9889
# of features: 30
training model ...
f1 score: 0.9972
[1.0, 1.1470443591604556, 1.115065075529611, 1.2119855516059048]
starting from onset 0.7
true positive rate: 0.9655 (28/29)
[0, 0, 0, 28, 0]
false positive rate: 0.0126 (65/5147)
# of features: 30
training model ...
f1 score: 0.9780
# of features: 30
training model ...
f1 score: 0.9917
# of features: 30
training model ...
f1 score: 0.9916
# of features: 30
training model ...
f1 score: 0.9916
[1.0, 1.1470443591604556, 1.1459076639721557, 1.1459076639721557]
starting from onset 0.7
true positive rate: 0.9655 (28/29)
[0, 0, 0, 28, 0]
false positive rate: 0.0126 (65/5147)
# of features: 30
training model ...
f1 score: 0.9805
# of features: 30
training model ...
f1 score: 0.9917
# of features: 30
training model ...
f1 score: 0.9944
# of features: 30
training model ...
f1 score: 0.9916
[1.0, 1.1184173562371147, 1.1487716203571572, 1.1173090297655246]
starting from onset 0.7
true positive rate: 0.9655 (28/29)
[0, 0, 0, 28, 0]
false positive rate: 0.0126 (65/5147)
# of features: 30
training model ...
f1 score: 0.9777
# of features: 30
training model ...
f1 score: 0.9917
# of features: 30
training model ...
f1 score: 0.9944
# of features: 30
training model ...
f1 score: 0.9916
[1.0, 1.1502163366162301, 1.1814336369219978, 1.1490764980695392]
starting from onset 0.7
true positive rate: 0.9655 (28/29)
[0, 0, 0, 28, 0]
false positive rate: 0.0126 (65/5147)
# of features: 30
training model ...
f1 score: 0.9805
# of features: 30
training model ...
f1 score: 0.9917
# of features: 30
training model ...
f1 score: 0.9972
# of features: 30
training model ...
f1 score: 0.9972
[1.0, 1.1184173562371147, 1.1817377990653986, 1.1817377990653986]
starting from onset 0.7
true positive rate: 0.9655 (28/29)
[0, 0, 0, 28, 0]
false positive rate: 0.0126 (65/5147)
###############
28,0,0,0,28,0,65

28,0,0,0,28,0,65

28,0,0,0,28,0,65

28,0,0,0,28,0,65

28,0,0,0,28,0,65

############### testing p2_all.csv
# of features: 30
training model ...
f1 score: 0.9780
# of features: 30
training model ...
f1 score: 0.9917
# of features: 30
training model ...
f1 score: 0.9944
# of features: 30
training model ...
f1 score: 0.9972
[1.0, 1.1470443591604556, 1.1781755708152033, 1.2119855516059048]
starting from onset 0.7
true positive rate: 0.9333 (28/30)
[0, 0, 7, 21, 0]
false positive rate: 0.0100 (59/5927)
# of features: 30
training model ...
f1 score: 0.9780
# of features: 30
training model ...
f1 score: 0.9917
# of features: 30
training model ...
f1 score: 0.9916
# of features: 30
training model ...
f1 score: 0.9916
[1.0, 1.1470443591604556, 1.1459076639721557, 1.1459076639721557]
starting from onset 0.7
true positive rate: 0.9333 (28/30)
[0, 0, 9, 19, 0]
false positive rate: 0.0100 (59/5927)
# of features: 30
training model ...
f1 score: 0.9805
# of features: 30
training model ...
f1 score: 0.9917
# of features: 30
training model ...
f1 score: 0.9944
# of features: 30
training model ...
f1 score: 0.9972
[1.0, 1.1184173562371147, 1.1487716203571572, 1.1817377990653986]
starting from onset 0.7
true positive rate: 0.9333 (28/30)
[0, 0, 7, 21, 0]
false positive rate: 0.0100 (59/5927)
# of features: 30
training model ...
f1 score: 0.9808
# of features: 30
training model ...
f1 score: 0.9917
# of features: 30
training model ...
f1 score: 0.9916
# of features: 30
training model ...
f1 score: 0.9944
[1.0, 1.115246087197972, 1.114140903382748, 1.1455142818936863]
starting from onset 0.7
true positive rate: 0.9333 (28/30)
[0, 0, 7, 21, 0]
false positive rate: 0.0100 (59/5927)
# of features: 30
training model ...
f1 score: 0.9780
# of features: 30
training model ...
f1 score: 0.9917
# of features: 30
training model ...
f1 score: 0.9944
# of features: 30
training model ...
f1 score: 0.9916
[1.0, 1.1470443591604556, 1.1781755708152033, 1.1459076639721557]
starting from onset 0.7
true positive rate: 0.9333 (28/30)
[0, 0, 10, 18, 0]
false positive rate: 0.0100 (59/5927)
###############
28,0,0,7,21,0,59

28,0,0,9,19,0,59

28,0,0,7,21,0,59

28,0,0,7,21,0,59

28,0,0,10,18,0,59

############### testing p3_all.csv
# of features: 30
training model ...
f1 score: 0.9780
# of features: 30
training model ...
f1 score: 0.9917
# of features: 30
training model ...
f1 score: 0.9972
# of features: 30
training model ...
f1 score: 0.9972
[1.0, 1.1470443591604556, 1.2119855516059048, 1.2119855516059048]
starting from onset 0.7
true positive rate: 1.0000 (30/30)
[0, 0, 4, 26, 0]
false positive rate: 0.0096 (61/6384)
# of features: 30
training model ...
f1 score: 0.9780
# of features: 30
training model ...
f1 score: 0.9917
# of features: 30
training model ...
f1 score: 0.9916
# of features: 30
training model ...
f1 score: 0.9916
[1.0, 1.1470443591604556, 1.1459076639721557, 1.1459076639721557]
starting from onset 0.7
true positive rate: 1.0000 (30/30)
[0, 0, 6, 24, 0]
false positive rate: 0.0096 (61/6384)
# of features: 30
training model ...
f1 score: 0.9833
# of features: 30
training model ...
f1 score: 0.9917
# of features: 30
training model ...
f1 score: 0.9944
# of features: 30
training model ...
f1 score: 0.9972
[1.0, 1.0874109796521498, 1.116923719149012, 1.1489759619764353]
starting from onset 0.7
true positive rate: 1.0000 (30/30)
[0, 0, 4, 26, 0]
false positive rate: 0.0096 (61/6384)
# of features: 30
training model ...
f1 score: 0.9780
# of features: 30
training model ...
f1 score: 0.9917
# of features: 30
training model ...
f1 score: 0.9972
# of features: 30
training model ...
f1 score: 0.9944
[1.0, 1.1470443591604556, 1.2119855516059048, 1.1781755708152033]
starting from onset 0.7
true positive rate: 1.0000 (30/30)
[0, 0, 7, 23, 0]
false positive rate: 0.0096 (61/6384)
# of features: 30
training model ...
f1 score: 0.9805
# of features: 30
training model ...
f1 score: 0.9917
# of features: 30
training model ...
f1 score: 0.9889
# of features: 30
training model ...
f1 score: 0.9944
[1.0, 1.1184173562371147, 1.0872361856336135, 1.1487716203571572]
starting from onset 0.7
true positive rate: 1.0000 (30/30)
[0, 0, 4, 26, 0]
false positive rate: 0.0096 (61/6384)
###############
30,0,0,4,26,0,61

30,0,0,6,24,0,61

30,0,0,4,26,0,61

30,0,0,7,23,0,61

30,0,0,4,26,0,61

xiangs-mbp:data xac$ python experiment.py 
############### skipped validation ... 

############### skipped onset f1 ... 

############### testing p1_all.csv
# of features: 30
training model ...
f1 score: 0.9780
# of features: 30
training model ...
f1 score: 0.9917
# of features: 30
training model ...
f1 score: 0.9972
# of features: 30
training model ...
f1 score: 0.9972
[1.0, 1.1470443591604556, 1.2119855516059048, 1.2119855516059048]
starting from onset 0.7
true positive rate: 0.8966 (26/29)
[0, 0, 3, 23]
false positive rate: 0.0119 (61/5147)
# of features: 30
training model ...
f1 score: 0.9808
# of features: 30
training model ...
f1 score: 0.9917
# of features: 30
training model ...
f1 score: 0.9944
# of features: 30
training model ...
f1 score: 0.9972
[1.0, 1.115246087197972, 1.1455142818936863, 1.1783869851016655]
starting from onset 0.7
true positive rate: 0.8966 (26/29)
[0, 0, 3, 23]
false positive rate: 0.0119 (61/5147)
# of features: 30
training model ...
f1 score: 0.9780
# of features: 30
training model ...
f1 score: 0.9917
# of features: 30
training model ...
f1 score: 0.9972
# of features: 30
training model ...
f1 score: 0.9944
[1.0, 1.1470443591604556, 1.2119855516059048, 1.1781755708152033]
starting from onset 0.7
true positive rate: 0.8966 (26/29)
[0, 0, 3, 23]
false positive rate: 0.0119 (61/5147)
# of features: 30
training model ...
f1 score: 0.9808
# of features: 30
training model ...
f1 score: 0.9917
# of features: 30
training model ...
f1 score: 0.9972
# of features: 30
training model ...
f1 score: 0.9972
[1.0, 1.115246087197972, 1.1783869851016655, 1.1783869851016655]
starting from onset 0.7
true positive rate: 0.8966 (26/29)
[0, 0, 3, 23]
false positive rate: 0.0119 (61/5147)
# of features: 30
training model ...
f1 score: 0.9780
# of features: 30
training model ...
f1 score: 0.9917
# of features: 30
training model ...
f1 score: 0.9889
# of features: 30
training model ...
f1 score: 0.9916
[1.0, 1.1470443591604556, 1.115065075529611, 1.1459076639721557]
starting from onset 0.7
true positive rate: 0.8966 (26/29)
[0, 0, 3, 23]
false positive rate: 0.0119 (61/5147)
###############
26,0,0,3,23,61

26,0,0,3,23,61

26,0,0,3,23,61

26,0,0,3,23,61

26,0,0,3,23,61

############### testing p2_all.csv
# of features: 30
training model ...
f1 score: 0.9780
# of features: 30
training model ...
f1 score: 0.9917
# of features: 30
training model ...
f1 score: 0.9944
# of features: 30
training model ...
f1 score: 0.9972
[1.0, 1.1470443591604556, 1.1781755708152033, 1.2119855516059048]
starting from onset 0.7
true positive rate: 0.9667 (29/30)
[0, 0, 9, 20]
false positive rate: 0.0096 (57/5927)
# of features: 30
training model ...
f1 score: 0.9805
# of features: 30
training model ...
f1 score: 0.9917
# of features: 30
training model ...
f1 score: 0.9944
# of features: 30
training model ...
f1 score: 0.9916
[1.0, 1.1184173562371147, 1.1487716203571572, 1.1173090297655246]
starting from onset 0.7
true positive rate: 0.9667 (29/30)
[0, 0, 9, 20]
false positive rate: 0.0096 (57/5927)
# of features: 30
training model ...
f1 score: 0.9780
# of features: 30
training model ...
f1 score: 0.9917
# of features: 30
training model ...
f1 score: 0.9944
# of features: 30
training model ...
f1 score: 0.9916
[1.0, 1.1470443591604556, 1.1781755708152033, 1.1459076639721557]
starting from onset 0.7
true positive rate: 0.9667 (29/30)
[0, 0, 9, 20]
false positive rate: 0.0096 (57/5927)
# of features: 30
training model ...
f1 score: 0.9780
# of features: 30
training model ...
f1 score: 0.9917
# of features: 30
training model ...
f1 score: 0.9916
# of features: 30
training model ...
f1 score: 0.9916
[1.0, 1.1470443591604556, 1.1459076639721557, 1.1459076639721557]
starting from onset 0.7
true positive rate: 0.9667 (29/30)
[0, 0, 9, 20]
false positive rate: 0.0096 (57/5927)
# of features: 30
training model ...
f1 score: 0.9805
# of features: 30
training model ...
f1 score: 0.9917
# of features: 30
training model ...
f1 score: 0.9972
# of features: 30
training model ...
f1 score: 0.9944
[1.0, 1.1184173562371147, 1.1817377990653986, 1.1487716203571572]
starting from onset 0.7
true positive rate: 0.9667 (29/30)
[0, 0, 9, 20]
false positive rate: 0.0096 (57/5927)
###############
29,0,0,9,20,57

29,0,0,9,20,57

29,0,0,9,20,57

29,0,0,9,20,57

29,0,0,9,20,57

############### testing p3_all.csv
# of features: 30
training model ...
f1 score: 0.9780
# of features: 30
training model ...
f1 score: 0.9917
# of features: 30
training model ...
f1 score: 0.9916
# of features: 30
training model ...
f1 score: 0.9916
[1.0, 1.1470443591604556, 1.1459076639721557, 1.1459076639721557]
starting from onset 0.7
true positive rate: 1.0000 (30/30)
[0, 0, 7, 23]
false positive rate: 0.0075 (48/6384)
# of features: 30
training model ...
f1 score: 0.9752
# of features: 30
training model ...
f1 score: 0.9917
# of features: 30
training model ...
f1 score: 0.9944
# of features: 30
training model ...
f1 score: 0.9916
[1.0, 1.179658768015847, 1.2116751468892497, 1.1784897526811475]
starting from onset 0.7
true positive rate: 1.0000 (30/30)
[0, 0, 7, 23]
false positive rate: 0.0075 (48/6384)
# of features: 30
training model ...
f1 score: 0.9808
# of features: 30
training model ...
f1 score: 0.9917
# of features: 30
training model ...
f1 score: 0.9916
# of features: 30
training model ...
f1 score: 0.9916
[1.0, 1.115246087197972, 1.114140903382748, 1.114140903382748]
starting from onset 0.7
true positive rate: 1.0000 (30/30)
[0, 0, 7, 23]
false positive rate: 0.0075 (48/6384)
# of features: 30
training model ...
f1 score: 0.9780
# of features: 30
training model ...
f1 score: 0.9917
# of features: 30
training model ...
f1 score: 0.9944
# of features: 30
training model ...
f1 score: 0.9944
[1.0, 1.1470443591604556, 1.1781755708152033, 1.1781755708152033]
starting from onset 0.7
true positive rate: 1.0000 (30/30)
[0, 0, 7, 23]
false positive rate: 0.0075 (48/6384)
# of features: 30
training model ...
f1 score: 0.9780
# of features: 30
training model ...
f1 score: 0.9917
# of features: 30
training model ...
f1 score: 0.9889
# of features: 30
training model ...
f1 score: 0.9916
[1.0, 1.1470443591604556, 1.115065075529611, 1.1459076639721557]
starting from onset 0.7
true positive rate: 1.0000 (30/30)
[0, 0, 7, 23]
false positive rate: 0.0075 (48/6384)
###############
30,0,0,7,23,48

30,0,0,7,23,48

30,0,0,7,23,48

30,0,0,7,23,48

30,0,0,7,23,48

xiangs-mbp:data xac$ 